build/app/outputs/mapping/release/usage.txt
com.example.newsapp.BuildConfig
com.example.newsapp.R$attr
com.example.newsapp.R$mipmap
com.example.newsapp.R$color
com.example.newsapp.R$id
com.example.newsapp.R$string
com.example.newsapp.R$integer
com.example.newsapp.R$style
com.example.newsapp.R
com.example.newsapp.R$styleable
com.example.newsapp.R$drawable
com.example.newsapp.R$layout
com.example.newsapp.R$dimen
...
com.google.common.net.InetAddresses
androidx.fragment.app.FragmentManager$BackStackEntry
com.google.common.collect.ForwardingSortedMultiset
com.google.common.collect.ConsumingQueueIterator
com.google.common.reflect.ClassPath$1
com.google.common.hash.Striped64$1
com.google.common.cache.CacheBuilderSpec$KeyStrengthParser
androidx.core.view.DragStartHelper
io.flutter.embedding.engine.FlutterShellArgs:
    public void <init>(java.lang.String[])
    public void <init>(java.util.Set)
    public void add(java.lang.String)
    public void remove(java.lang.String)
    public static final java.lang.String ARG_KEY_TRACE_STARTUP
    public static final java.lang.String ARG_TRACE_STARTUP
    public static final java.lang.String ARG_KEY_START_PAUSED
    public static final java.lang.String ARG_START_PAUSED
    public static final java.lang.String ARG_KEY_DISABLE_SERVICE_AUTH_CODES
    public static final java.lang.String ARG_DISABLE_SERVICE_AUTH_CODES
    public static final java.lang.String ARG_KEY_ENDLESS_TRACE_BUFFER
    public static final java.lang.String ARG_ENDLESS_TRACE_BUFFER
    public static final java.lang.String ARG_KEY_USE_TEST_FONTS
    public static final java.lang.String ARG_USE_TEST_FONTS
    public static final java.lang.String ARG_KEY_ENABLE_DART_PROFILING
    public static final java.lang.String ARG_ENABLE_DART_PROFILING
    public static final java.lang.String ARG_KEY_ENABLE_SOFTWARE_RENDERING
    public static final java.lang.String ARG_ENABLE_SOFTWARE_RENDERING
    public static final java.lang.String ARG_KEY_SKIA_DETERMINISTIC_RENDERING
    public static final java.lang.String ARG_SKIA_DETERMINISTIC_RENDERING
    public static final java.lang.String ARG_KEY_TRACE_SKIA
    public static final java.lang.String ARG_TRACE_SKIA
    public static final java.lang.String ARG_KEY_TRACE_SYSTRACE
com.google.common.collect.Iterables$6
com.google.common.collect.ImmutableMultiset$EntrySetSerializedForm
com.google.common.primitives.Shorts$ShortArrayAsList
com.google.common.reflect.TypeToken$TypeCollector$1
com.google.common.graph.Traverser$GraphTraverser$DepthFirstIterator$NodeAndSuccessors
com.google.common.collect.EmptyContiguousSet$SerializedForm
androidx.versionedparcelable.VersionedParcel:
    private void writeCollection(java.util.Collection,int)
    private void writeCollection(java.util.Collection)
    private int getType(java.lang.Object)
    private void writeSerializable(java.io.Serializable)
    private int readExceptionCode()
    private java.lang.Exception readException(int,java.lang.String)
    protected static java.lang.Throwable getRootCause(java.lang.Throwable)
    private java.lang.Exception createException(int,java.lang.String)
    private java.util.Collection readCollection(java.util.Collection)
    protected abstract void writeByteArray(byte[],int,int)
    protected abstract void writeLong(long)
    protected abstract void writeFloat(float)
    protected abstract void writeDouble(double)
    protected abstract void writeStrongBinder(android.os.IBinder)
    protected abstract void writeStrongInterface(android.os.IInterface)
    protected abstract void writeBundle(android.os.Bundle)
    protected abstract long readLong()
    protected abstract float readFloat()
    protected abstract double readDouble()
    protected abstract android.os.IBinder readStrongBinder()
    protected abstract android.os.Bundle readBundle()
    public void writeStrongInterface(android.os.IInterface,int)
    public void writeBundle(android.os.Bundle,int)
    public void writeByteArray(byte[],int,int,int)
    public void writeLong(long,int)
    public void writeFloat(float,int)
    public void writeDouble(double,int)
androidx.core.provider.FontsContractCompat$3
androidx.core.text.TextDirectionHeuristicCompat
androidx.customview.widget.ExploreByTouchHelper$1
com.google.common.hash.LittleEndianByteArray$UnsafeByteArray
androidx.core.app.SharedElementCallback
androidx.core.graphics.drawable.IconCompat$IconType